0 info it worked if it ends with ok
1 verbose cli [ '/usr/bin/node', '/usr/bin/npm', 'publish' ]
2 info using npm@1.3.24
3 info using node@v0.10.25
4 verbose node symlink /usr/bin/node
5 verbose publish [ '.' ]
6 verbose cache add [ '.', null ]
7 verbose cache add name=undefined spec="." args=[".",null]
8 verbose parsed url { protocol: null,
8 verbose parsed url   slashes: null,
8 verbose parsed url   auth: null,
8 verbose parsed url   host: null,
8 verbose parsed url   port: null,
8 verbose parsed url   hostname: null,
8 verbose parsed url   hash: null,
8 verbose parsed url   search: null,
8 verbose parsed url   query: null,
8 verbose parsed url   pathname: '.',
8 verbose parsed url   path: '.',
8 verbose parsed url   href: '.' }
9 silly lockFile 3a52ce78- .
10 verbose lock . /home/mark/.npm/3a52ce78-.lock
11 verbose tar pack [ '/home/mark/tmp/npm-14697-BXsgEdw1/1391642286947-0.13282144465483725/tmp.tgz',
11 verbose tar pack   '.' ]
12 verbose tarball /home/mark/tmp/npm-14697-BXsgEdw1/1391642286947-0.13282144465483725/tmp.tgz
13 verbose folder .
14 info prepublish kurunt@0.2.3
15 silly lockFile 1f1177db-tar tar://.
16 verbose lock tar://. /home/mark/.npm/1f1177db-tar.lock
17 silly lockFile c2c455fb-6947-0-13282144465483725-tmp-tgz tar:///home/mark/tmp/npm-14697-BXsgEdw1/1391642286947-0.13282144465483725/tmp.tgz
18 verbose lock tar:///home/mark/tmp/npm-14697-BXsgEdw1/1391642286947-0.13282144465483725/tmp.tgz /home/mark/.npm/c2c455fb-6947-0-13282144465483725-tmp-tgz.lock
19 silly lockFile 1f1177db-tar tar://.
20 silly lockFile 1f1177db-tar tar://.
21 silly lockFile c2c455fb-6947-0-13282144465483725-tmp-tgz tar:///home/mark/tmp/npm-14697-BXsgEdw1/1391642286947-0.13282144465483725/tmp.tgz
22 silly lockFile c2c455fb-6947-0-13282144465483725-tmp-tgz tar:///home/mark/tmp/npm-14697-BXsgEdw1/1391642286947-0.13282144465483725/tmp.tgz
23 verbose tar unpack /home/mark/tmp/npm-14697-BXsgEdw1/1391642286947-0.13282144465483725/tmp.tgz
24 silly lockFile 2ad27640-6947-0-13282144465483725-package tar:///home/mark/tmp/npm-14697-BXsgEdw1/1391642286947-0.13282144465483725/package
25 verbose lock tar:///home/mark/tmp/npm-14697-BXsgEdw1/1391642286947-0.13282144465483725/package /home/mark/.npm/2ad27640-6947-0-13282144465483725-package.lock
26 silly lockFile c2c455fb-6947-0-13282144465483725-tmp-tgz tar:///home/mark/tmp/npm-14697-BXsgEdw1/1391642286947-0.13282144465483725/tmp.tgz
27 verbose lock tar:///home/mark/tmp/npm-14697-BXsgEdw1/1391642286947-0.13282144465483725/tmp.tgz /home/mark/.npm/c2c455fb-6947-0-13282144465483725-tmp-tgz.lock
28 silly gunzTarPerm modes [ '755', '644' ]
29 silly gunzTarPerm extractEntry package.json
30 silly gunzTarPerm modified mode [ 'package.json', 436, 420 ]
31 silly gunzTarPerm extractEntry .npmignore
32 silly gunzTarPerm modified mode [ '.npmignore', 436, 420 ]
33 silly gunzTarPerm extractEntry README.md
34 silly gunzTarPerm modified mode [ 'README.md', 436, 420 ]
35 silly gunzTarPerm extractEntry index.js
36 silly gunzTarPerm modified mode [ 'index.js', 436, 420 ]
37 silly gunzTarPerm extractEntry bin/cli.js
38 silly gunzTarPerm modified mode [ 'bin/cli.js', 509, 493 ]
39 silly gunzTarPerm extractEntry config.json
40 silly gunzTarPerm modified mode [ 'config.json', 436, 420 ]
41 silly gunzTarPerm extractEntry deploy/ec2/README.md
42 silly gunzTarPerm modified mode [ 'deploy/ec2/README.md', 436, 420 ]
43 silly gunzTarPerm extractEntry deploy/ec2/install.sh
44 silly gunzTarPerm extractEntry deploy/ec2/topology.json
45 silly gunzTarPerm modified mode [ 'deploy/ec2/topology.json', 436, 420 ]
46 silly gunzTarPerm extractEntry LICENSE-APACHE
47 silly gunzTarPerm modified mode [ 'LICENSE-APACHE', 436, 420 ]
48 silly gunzTarPerm extractEntry LICENSE-MIT
49 silly gunzTarPerm modified mode [ 'LICENSE-MIT', 436, 420 ]
50 silly gunzTarPerm extractEntry lib/newstream.js
51 silly gunzTarPerm modified mode [ 'lib/newstream.js', 436, 420 ]
52 silly gunzTarPerm extractEntry lib/kurunt.js
53 silly gunzTarPerm modified mode [ 'lib/kurunt.js', 436, 420 ]
54 silly gunzTarPerm extractEntry lib/logging.js
55 silly gunzTarPerm modified mode [ 'lib/logging.js', 436, 420 ]
56 silly gunzTarPerm extractEntry lib/init.js
57 silly gunzTarPerm modified mode [ 'lib/init.js', 436, 420 ]
58 silly gunzTarPerm extractEntry lib/send.js
59 silly gunzTarPerm modified mode [ 'lib/send.js', 436, 420 ]
60 silly gunzTarPerm extractEntry lib/topology.js
61 silly gunzTarPerm modified mode [ 'lib/topology.js', 436, 420 ]
62 silly gunzTarPerm extractEntry lib/reports/stream/index.js
63 silly gunzTarPerm modified mode [ 'lib/reports/stream/index.js', 436, 420 ]
64 silly gunzTarPerm extractEntry lib/reports/stream/jquery.min.js
65 silly gunzTarPerm modified mode [ 'lib/reports/stream/jquery.min.js', 436, 420 ]
66 silly gunzTarPerm extractEntry lib/reports/stream/plugins.js
67 silly gunzTarPerm modified mode [ 'lib/reports/stream/plugins.js', 436, 420 ]
68 silly gunzTarPerm extractEntry lib/reports/stream/sly.min.js
69 silly gunzTarPerm modified mode [ 'lib/reports/stream/sly.min.js', 436, 420 ]
70 silly gunzTarPerm extractEntry lib/reports/stream/smoothie.js
71 silly gunzTarPerm modified mode [ 'lib/reports/stream/smoothie.js', 436, 420 ]
72 silly gunzTarPerm extractEntry lib/reports/stream/logo.png
73 silly gunzTarPerm modified mode [ 'lib/reports/stream/logo.png', 436, 420 ]
74 silly gunzTarPerm extractEntry lib/reports/stream/favicon.gif
75 silly gunzTarPerm modified mode [ 'lib/reports/stream/favicon.gif', 436, 420 ]
76 silly gunzTarPerm extractEntry lib/reports/stream/dot.gif
77 silly gunzTarPerm modified mode [ 'lib/reports/stream/dot.gif', 436, 420 ]
78 silly gunzTarPerm extractEntry lib/reports/stream/pause.png
79 silly gunzTarPerm modified mode [ 'lib/reports/stream/pause.png', 436, 420 ]
80 silly gunzTarPerm extractEntry lib/reports/stream/play.png
81 silly gunzTarPerm modified mode [ 'lib/reports/stream/play.png', 436, 420 ]
82 silly gunzTarPerm extractEntry lib/reports/stream/favicon.ico
83 silly gunzTarPerm modified mode [ 'lib/reports/stream/favicon.ico', 436, 420 ]
84 silly gunzTarPerm extractEntry lib/reports/stream/index.html
85 silly gunzTarPerm modified mode [ 'lib/reports/stream/index.html', 436, 420 ]
86 silly gunzTarPerm extractEntry lib/reports/stream/config.json
87 silly gunzTarPerm modified mode [ 'lib/reports/stream/config.json', 436, 420 ]
88 silly gunzTarPerm extractEntry lib/reports/stream/style.css
89 silly gunzTarPerm modified mode [ 'lib/reports/stream/style.css', 436, 420 ]
90 silly gunzTarPerm extractEntry lib/inputs/http/README.md
91 silly gunzTarPerm modified mode [ 'lib/inputs/http/README.md', 436, 420 ]
92 silly gunzTarPerm extractEntry lib/inputs/http/index.js
93 silly gunzTarPerm modified mode [ 'lib/inputs/http/index.js', 436, 420 ]
94 silly gunzTarPerm extractEntry lib/inputs/http/messenger.js
95 silly gunzTarPerm modified mode [ 'lib/inputs/http/messenger.js', 436, 420 ]
96 silly gunzTarPerm extractEntry lib/inputs/http/router.js
97 silly gunzTarPerm modified mode [ 'lib/inputs/http/router.js', 436, 420 ]
98 silly gunzTarPerm extractEntry lib/inputs/http/server.js
99 silly gunzTarPerm modified mode [ 'lib/inputs/http/server.js', 436, 420 ]
100 silly gunzTarPerm extractEntry lib/inputs/http/clients/client.js
101 silly gunzTarPerm modified mode [ 'lib/inputs/http/clients/client.js', 436, 420 ]
102 silly gunzTarPerm extractEntry lib/inputs/http/clients/client.pl
103 silly gunzTarPerm modified mode [ 'lib/inputs/http/clients/client.pl', 436, 420 ]
104 silly gunzTarPerm extractEntry lib/inputs/http/config.json
105 silly gunzTarPerm modified mode [ 'lib/inputs/http/config.json', 436, 420 ]
106 silly gunzTarPerm extractEntry lib/inputs/tcp/README.md
107 silly gunzTarPerm modified mode [ 'lib/inputs/tcp/README.md', 436, 420 ]
108 silly gunzTarPerm extractEntry lib/inputs/tcp/index.js
109 silly gunzTarPerm modified mode [ 'lib/inputs/tcp/index.js', 436, 420 ]
110 silly gunzTarPerm extractEntry lib/inputs/tcp/messenger.js
111 silly gunzTarPerm modified mode [ 'lib/inputs/tcp/messenger.js', 436, 420 ]
112 silly gunzTarPerm extractEntry lib/inputs/tcp/router.js
113 silly gunzTarPerm modified mode [ 'lib/inputs/tcp/router.js', 436, 420 ]
114 silly gunzTarPerm extractEntry lib/inputs/tcp/server.js
115 silly gunzTarPerm modified mode [ 'lib/inputs/tcp/server.js', 436, 420 ]
116 silly gunzTarPerm extractEntry lib/inputs/tcp/clients/test.js
117 silly gunzTarPerm modified mode [ 'lib/inputs/tcp/clients/test.js', 436, 420 ]
118 silly gunzTarPerm extractEntry lib/inputs/tcp/clients/apache_syslog
119 silly gunzTarPerm modified mode [ 'lib/inputs/tcp/clients/apache_syslog', 436, 420 ]
120 silly gunzTarPerm extractEntry lib/inputs/tcp/clients/arduino/arduino.ino
121 silly gunzTarPerm modified mode [ 'lib/inputs/tcp/clients/arduino/arduino.ino', 436, 420 ]
122 silly gunzTarPerm extractEntry lib/inputs/tcp/clients/reverse_proxy/index.js
123 silly gunzTarPerm modified mode [ 'lib/inputs/tcp/clients/reverse_proxy/index.js', 436, 420 ]
124 silly gunzTarPerm extractEntry lib/inputs/tcp/clients/tail_syslog.pl
125 silly gunzTarPerm modified mode [ 'lib/inputs/tcp/clients/tail_syslog.pl', 436, 420 ]
126 silly gunzTarPerm extractEntry lib/inputs/tcp/clients/tcp_client.pl
127 silly gunzTarPerm modified mode [ 'lib/inputs/tcp/clients/tcp_client.pl', 436, 420 ]
128 silly gunzTarPerm extractEntry lib/inputs/tcp/clients/twitter/index.js
129 silly gunzTarPerm modified mode [ 'lib/inputs/tcp/clients/twitter/index.js', 436, 420 ]
130 silly gunzTarPerm extractEntry lib/inputs/tcp/clients/twitter/_keys.json
131 silly gunzTarPerm modified mode [ 'lib/inputs/tcp/clients/twitter/_keys.json', 436, 420 ]
132 silly gunzTarPerm extractEntry lib/inputs/tcp/config.json
133 silly gunzTarPerm modified mode [ 'lib/inputs/tcp/config.json', 436, 420 ]
134 silly gunzTarPerm extractEntry lib/inputs/udp/README.md
135 silly gunzTarPerm modified mode [ 'lib/inputs/udp/README.md', 436, 420 ]
136 silly gunzTarPerm extractEntry lib/inputs/udp/index.js
137 silly gunzTarPerm modified mode [ 'lib/inputs/udp/index.js', 436, 420 ]
138 silly gunzTarPerm extractEntry lib/inputs/udp/messenger.js
139 silly gunzTarPerm modified mode [ 'lib/inputs/udp/messenger.js', 436, 420 ]
140 silly gunzTarPerm extractEntry lib/inputs/udp/router.js
141 silly gunzTarPerm modified mode [ 'lib/inputs/udp/router.js', 436, 420 ]
142 silly gunzTarPerm extractEntry lib/inputs/udp/server.js
143 silly gunzTarPerm modified mode [ 'lib/inputs/udp/server.js', 436, 420 ]
144 silly gunzTarPerm extractEntry lib/inputs/udp/config.json
145 silly gunzTarPerm modified mode [ 'lib/inputs/udp/config.json', 436, 420 ]
146 silly gunzTarPerm extractEntry lib/stores/index.js
147 silly gunzTarPerm modified mode [ 'lib/stores/index.js', 436, 420 ]
148 silly gunzTarPerm extractEntry lib/stores/messenger.js
149 silly gunzTarPerm modified mode [ 'lib/stores/messenger.js', 436, 420 ]
150 silly gunzTarPerm extractEntry lib/stores/mongo/README.md
151 silly gunzTarPerm modified mode [ 'lib/stores/mongo/README.md', 436, 420 ]
152 silly gunzTarPerm extractEntry lib/stores/mongo/index.js
153 silly gunzTarPerm modified mode [ 'lib/stores/mongo/index.js', 436, 420 ]
154 silly gunzTarPerm extractEntry lib/stores/mysql/README.md
155 silly gunzTarPerm modified mode [ 'lib/stores/mysql/README.md', 436, 420 ]
156 silly gunzTarPerm extractEntry lib/stores/mysql/index.js
157 silly gunzTarPerm modified mode [ 'lib/stores/mysql/index.js', 436, 420 ]
158 silly gunzTarPerm extractEntry lib/stores/redis/README.md
159 silly gunzTarPerm modified mode [ 'lib/stores/redis/README.md', 436, 420 ]
160 silly gunzTarPerm extractEntry lib/stores/redis/index.js
161 silly gunzTarPerm modified mode [ 'lib/stores/redis/index.js', 436, 420 ]
162 silly gunzTarPerm extractEntry lib/stores/stream/api.js
163 silly gunzTarPerm modified mode [ 'lib/stores/stream/api.js', 436, 420 ]
164 silly gunzTarPerm extractEntry lib/stores/stream/index.js
165 silly gunzTarPerm modified mode [ 'lib/stores/stream/index.js', 436, 420 ]
166 silly gunzTarPerm extractEntry lib/stores/stream/config.json
167 silly gunzTarPerm modified mode [ 'lib/stores/stream/config.json', 436, 420 ]
168 silly gunzTarPerm extractEntry lib/admin/jquery.min.js
169 silly gunzTarPerm modified mode [ 'lib/admin/jquery.min.js', 436, 420 ]
170 silly gunzTarPerm extractEntry lib/admin/index.js
171 silly gunzTarPerm modified mode [ 'lib/admin/index.js', 436, 420 ]
172 silly gunzTarPerm extractEntry lib/admin/favicon.ico
173 silly gunzTarPerm modified mode [ 'lib/admin/favicon.ico', 436, 420 ]
174 silly gunzTarPerm extractEntry lib/admin/images/api_icon.gif
175 silly gunzTarPerm modified mode [ 'lib/admin/images/api_icon.gif', 436, 420 ]
176 silly gunzTarPerm extractEntry lib/admin/images/bg_grey.gif
177 silly gunzTarPerm modified mode [ 'lib/admin/images/bg_grey.gif', 436, 420 ]
178 silly gunzTarPerm extractEntry lib/admin/images/delete_icon.gif
179 silly gunzTarPerm modified mode [ 'lib/admin/images/delete_icon.gif', 436, 420 ]
180 silly gunzTarPerm extractEntry lib/admin/images/edit_icon.gif
181 silly gunzTarPerm modified mode [ 'lib/admin/images/edit_icon.gif', 436, 420 ]
182 silly gunzTarPerm extractEntry lib/admin/images/logo.png
183 silly gunzTarPerm modified mode [ 'lib/admin/images/logo.png', 436, 420 ]
184 silly gunzTarPerm extractEntry lib/admin/index.html
185 silly gunzTarPerm modified mode [ 'lib/admin/index.html', 436, 420 ]
186 silly gunzTarPerm extractEntry lib/admin/edit-stream-settings.html
187 silly gunzTarPerm modified mode [ 'lib/admin/edit-stream-settings.html', 436, 420 ]
188 silly gunzTarPerm extractEntry lib/admin/install-io.html
189 silly gunzTarPerm modified mode [ 'lib/admin/install-io.html', 436, 420 ]
190 silly gunzTarPerm extractEntry lib/admin/favicon.gif
191 silly gunzTarPerm modified mode [ 'lib/admin/favicon.gif', 436, 420 ]
192 silly gunzTarPerm extractEntry lib/admin/new-stream-settings.html
193 silly gunzTarPerm modified mode [ 'lib/admin/new-stream-settings.html', 436, 420 ]
194 silly gunzTarPerm extractEntry lib/admin/new-stream.html
195 silly gunzTarPerm modified mode [ 'lib/admin/new-stream.html', 436, 420 ]
196 silly gunzTarPerm extractEntry lib/admin/new.json
197 silly gunzTarPerm modified mode [ 'lib/admin/new.json', 436, 420 ]
198 silly gunzTarPerm extractEntry lib/admin/streams.html
199 silly gunzTarPerm modified mode [ 'lib/admin/streams.html', 436, 420 ]
200 silly gunzTarPerm extractEntry lib/admin/style.css
201 silly gunzTarPerm modified mode [ 'lib/admin/style.css', 436, 420 ]
202 silly gunzTarPerm extractEntry lib/admin/testclient/send.js
203 silly gunzTarPerm modified mode [ 'lib/admin/testclient/send.js', 436, 420 ]
204 silly gunzTarPerm extractEntry lib/admin/testclient/image.jpeg
205 silly gunzTarPerm modified mode [ 'lib/admin/testclient/image.jpeg', 436, 420 ]
206 silly gunzTarPerm extractEntry lib/admin/testclient/send.pl
207 silly gunzTarPerm modified mode [ 'lib/admin/testclient/send.pl', 509, 493 ]
208 silly gunzTarPerm extractEntry lib/workers/index.js
209 silly gunzTarPerm modified mode [ 'lib/workers/index.js', 436, 420 ]
210 silly gunzTarPerm extractEntry lib/workers/messenger.js
211 silly gunzTarPerm modified mode [ 'lib/workers/messenger.js', 436, 420 ]
212 silly gunzTarPerm extractEntry lib/workers/buffer/README.md
213 silly gunzTarPerm modified mode [ 'lib/workers/buffer/README.md', 436, 420 ]
214 silly gunzTarPerm extractEntry lib/workers/buffer/index.js
215 silly gunzTarPerm modified mode [ 'lib/workers/buffer/index.js', 436, 420 ]
216 silly gunzTarPerm extractEntry lib/workers/buffer/benchmark.pl
217 silly gunzTarPerm modified mode [ 'lib/workers/buffer/benchmark.pl', 509, 493 ]
218 silly gunzTarPerm extractEntry lib/workers/combined/README.md
219 silly gunzTarPerm modified mode [ 'lib/workers/combined/README.md', 436, 420 ]
220 silly gunzTarPerm extractEntry lib/workers/combined/index.js
221 silly gunzTarPerm modified mode [ 'lib/workers/combined/index.js', 436, 420 ]
222 silly gunzTarPerm extractEntry lib/workers/combined/benchmark.pl
223 silly gunzTarPerm modified mode [ 'lib/workers/combined/benchmark.pl', 509, 493 ]
224 silly gunzTarPerm extractEntry lib/workers/csv/README.md
225 silly gunzTarPerm modified mode [ 'lib/workers/csv/README.md', 436, 420 ]
226 silly gunzTarPerm extractEntry lib/workers/csv/index.js
227 silly gunzTarPerm modified mode [ 'lib/workers/csv/index.js', 436, 420 ]
228 silly gunzTarPerm extractEntry lib/workers/csv/benchmark.pl
229 silly gunzTarPerm modified mode [ 'lib/workers/csv/benchmark.pl', 509, 493 ]
230 silly gunzTarPerm extractEntry lib/workers/_string/README.md
231 silly gunzTarPerm modified mode [ 'lib/workers/_string/README.md', 436, 420 ]
232 silly gunzTarPerm extractEntry lib/workers/_string/index.js
233 silly gunzTarPerm modified mode [ 'lib/workers/_string/index.js', 436, 420 ]
234 silly gunzTarPerm extractEntry lib/workers/_string/benchmark.pl
235 silly gunzTarPerm modified mode [ 'lib/workers/_string/benchmark.pl', 509, 493 ]
236 silly gunzTarPerm extractEntry lib/workers/jpeg/README.md
237 silly gunzTarPerm modified mode [ 'lib/workers/jpeg/README.md', 436, 420 ]
238 silly gunzTarPerm extractEntry lib/workers/jpeg/index.js
239 silly gunzTarPerm modified mode [ 'lib/workers/jpeg/index.js', 436, 420 ]
240 silly gunzTarPerm extractEntry lib/workers/jpeg/benchmark.pl
241 silly gunzTarPerm modified mode [ 'lib/workers/jpeg/benchmark.pl', 509, 493 ]
242 silly gunzTarPerm extractEntry lib/workers/jpeg/images/1.jpeg
243 silly gunzTarPerm modified mode [ 'lib/workers/jpeg/images/1.jpeg', 436, 420 ]
244 silly gunzTarPerm extractEntry lib/workers/jpeg/images/2.jpeg
245 silly gunzTarPerm modified mode [ 'lib/workers/jpeg/images/2.jpeg', 436, 420 ]
246 silly gunzTarPerm extractEntry lib/workers/jpeg/images/3.jpeg
247 silly gunzTarPerm modified mode [ 'lib/workers/jpeg/images/3.jpeg', 436, 420 ]
248 silly gunzTarPerm extractEntry lib/workers/json/README.md
249 silly gunzTarPerm modified mode [ 'lib/workers/json/README.md', 436, 420 ]
250 silly gunzTarPerm extractEntry lib/workers/json/index.js
251 silly gunzTarPerm modified mode [ 'lib/workers/json/index.js', 436, 420 ]
252 silly gunzTarPerm extractEntry lib/workers/json/benchmark.pl
253 silly gunzTarPerm modified mode [ 'lib/workers/json/benchmark.pl', 509, 493 ]
254 silly gunzTarPerm extractEntry lib/workers/_msgpack/README.md
255 silly gunzTarPerm modified mode [ 'lib/workers/_msgpack/README.md', 436, 420 ]
256 silly gunzTarPerm extractEntry lib/workers/_msgpack/index.js
257 silly gunzTarPerm modified mode [ 'lib/workers/_msgpack/index.js', 436, 420 ]
258 silly gunzTarPerm extractEntry lib/workers/_msgpack/benchmark.pl
259 silly gunzTarPerm modified mode [ 'lib/workers/_msgpack/benchmark.pl', 509, 493 ]
260 silly gunzTarPerm extractEntry lib/workers/syslog/README.md
261 silly gunzTarPerm modified mode [ 'lib/workers/syslog/README.md', 436, 420 ]
262 silly gunzTarPerm extractEntry lib/workers/syslog/index.js
263 silly gunzTarPerm modified mode [ 'lib/workers/syslog/index.js', 436, 420 ]
264 silly gunzTarPerm extractEntry lib/workers/syslog/benchmark.pl
265 silly gunzTarPerm modified mode [ 'lib/workers/syslog/benchmark.pl', 509, 493 ]
266 silly gunzTarPerm extractEntry lib/workers/webpixel/README.md
267 silly gunzTarPerm modified mode [ 'lib/workers/webpixel/README.md', 436, 420 ]
268 silly gunzTarPerm extractEntry lib/workers/webpixel/index.js
269 silly gunzTarPerm modified mode [ 'lib/workers/webpixel/index.js', 436, 420 ]
270 silly gunzTarPerm extractEntry streams.json
271 silly gunzTarPerm modified mode [ 'streams.json', 436, 420 ]
272 silly gunzTarPerm extractEntry topology.json
273 silly gunzTarPerm modified mode [ 'topology.json', 436, 420 ]
274 silly gunzTarPerm extractEntry examples/asmodule/asmodule.js
275 silly gunzTarPerm modified mode [ 'examples/asmodule/asmodule.js', 509, 493 ]
276 silly gunzTarPerm extractEntry examples/asmodule/asmodule2.js
277 silly gunzTarPerm modified mode [ 'examples/asmodule/asmodule2.js', 436, 420 ]
278 silly gunzTarPerm extractEntry examples/asmodule/mystore.js
279 silly gunzTarPerm modified mode [ 'examples/asmodule/mystore.js', 436, 420 ]
280 silly gunzTarPerm extractEntry examples/asmodule/myworker.js
281 silly gunzTarPerm modified mode [ 'examples/asmodule/myworker.js', 509, 493 ]
282 silly gunzTarPerm extractEntry examples/asmodule/myworker2.js
283 silly gunzTarPerm modified mode [ 'examples/asmodule/myworker2.js', 436, 420 ]
284 silly gunzTarPerm extractEntry examples/benchmark/benchmark.js
285 silly gunzTarPerm modified mode [ 'examples/benchmark/benchmark.js', 436, 420 ]
286 silly gunzTarPerm extractEntry examples/benchmark/mystore.js
287 silly gunzTarPerm modified mode [ 'examples/benchmark/mystore.js', 436, 420 ]
288 silly gunzTarPerm extractEntry examples/benchmark/myworker.js
289 silly gunzTarPerm modified mode [ 'examples/benchmark/myworker.js', 509, 493 ]
290 silly gunzTarPerm extractEntry examples/benchmark/benchmark.pl
291 silly gunzTarPerm modified mode [ 'examples/benchmark/benchmark.pl', 509, 493 ]
292 silly gunzTarPerm extractEntry examples/fault_tolerant_topology.json
293 silly gunzTarPerm modified mode [ 'examples/fault_tolerant_topology.json', 436, 420 ]
294 silly gunzTarPerm extractEntry examples/twitter/README.md
295 silly gunzTarPerm modified mode [ 'examples/twitter/README.md', 436, 420 ]
296 silly gunzTarPerm extractEntry examples/twitter/process_tweet.js
297 silly gunzTarPerm modified mode [ 'examples/twitter/process_tweet.js', 509, 493 ]
298 silly gunzTarPerm extractEntry examples/twitter/store_tweet.js
299 silly gunzTarPerm modified mode [ 'examples/twitter/store_tweet.js', 436, 420 ]
300 silly gunzTarPerm extractEntry examples/twitter/twitter.js
301 silly gunzTarPerm modified mode [ 'examples/twitter/twitter.js', 436, 420 ]
302 silly gunzTarPerm extractEntry examples/twitter/_keys.json
303 silly gunzTarPerm modified mode [ 'examples/twitter/_keys.json', 436, 420 ]
304 silly lockFile 2ad27640-6947-0-13282144465483725-package tar:///home/mark/tmp/npm-14697-BXsgEdw1/1391642286947-0.13282144465483725/package
305 silly lockFile 2ad27640-6947-0-13282144465483725-package tar:///home/mark/tmp/npm-14697-BXsgEdw1/1391642286947-0.13282144465483725/package
306 silly lockFile c2c455fb-6947-0-13282144465483725-tmp-tgz tar:///home/mark/tmp/npm-14697-BXsgEdw1/1391642286947-0.13282144465483725/tmp.tgz
307 silly lockFile c2c455fb-6947-0-13282144465483725-tmp-tgz tar:///home/mark/tmp/npm-14697-BXsgEdw1/1391642286947-0.13282144465483725/tmp.tgz
308 verbose tar pack [ '/home/mark/.npm/kurunt/0.2.3/package.tgz',
308 verbose tar pack   '/home/mark/tmp/npm-14697-BXsgEdw1/1391642286947-0.13282144465483725/package' ]
309 verbose tarball /home/mark/.npm/kurunt/0.2.3/package.tgz
310 verbose folder /home/mark/tmp/npm-14697-BXsgEdw1/1391642286947-0.13282144465483725/package
311 silly lockFile 2ad27640-6947-0-13282144465483725-package tar:///home/mark/tmp/npm-14697-BXsgEdw1/1391642286947-0.13282144465483725/package
312 verbose lock tar:///home/mark/tmp/npm-14697-BXsgEdw1/1391642286947-0.13282144465483725/package /home/mark/.npm/2ad27640-6947-0-13282144465483725-package.lock
313 silly lockFile 0b08d143-ark-npm-kurunt-0-2-3-package-tgz tar:///home/mark/.npm/kurunt/0.2.3/package.tgz
314 verbose lock tar:///home/mark/.npm/kurunt/0.2.3/package.tgz /home/mark/.npm/0b08d143-ark-npm-kurunt-0-2-3-package-tgz.lock
315 silly lockFile 2ad27640-6947-0-13282144465483725-package tar:///home/mark/tmp/npm-14697-BXsgEdw1/1391642286947-0.13282144465483725/package
316 silly lockFile 2ad27640-6947-0-13282144465483725-package tar:///home/mark/tmp/npm-14697-BXsgEdw1/1391642286947-0.13282144465483725/package
317 silly lockFile 0b08d143-ark-npm-kurunt-0-2-3-package-tgz tar:///home/mark/.npm/kurunt/0.2.3/package.tgz
318 silly lockFile 0b08d143-ark-npm-kurunt-0-2-3-package-tgz tar:///home/mark/.npm/kurunt/0.2.3/package.tgz
319 silly lockFile 948b3b61-me-mark-npm-kurunt-0-2-3-package /home/mark/.npm/kurunt/0.2.3/package
320 verbose lock /home/mark/.npm/kurunt/0.2.3/package /home/mark/.npm/948b3b61-me-mark-npm-kurunt-0-2-3-package.lock
321 silly lockFile 948b3b61-me-mark-npm-kurunt-0-2-3-package /home/mark/.npm/kurunt/0.2.3/package
322 silly lockFile 948b3b61-me-mark-npm-kurunt-0-2-3-package /home/mark/.npm/kurunt/0.2.3/package
323 verbose tar unpack /home/mark/.npm/kurunt/0.2.3/package.tgz
324 silly lockFile bef614c3-me-mark-npm-kurunt-0-2-3-package tar:///home/mark/.npm/kurunt/0.2.3/package
325 verbose lock tar:///home/mark/.npm/kurunt/0.2.3/package /home/mark/.npm/bef614c3-me-mark-npm-kurunt-0-2-3-package.lock
326 silly lockFile 0b08d143-ark-npm-kurunt-0-2-3-package-tgz tar:///home/mark/.npm/kurunt/0.2.3/package.tgz
327 verbose lock tar:///home/mark/.npm/kurunt/0.2.3/package.tgz /home/mark/.npm/0b08d143-ark-npm-kurunt-0-2-3-package-tgz.lock
328 silly gunzTarPerm modes [ '755', '644' ]
329 silly gunzTarPerm extractEntry package.json
330 silly gunzTarPerm extractEntry .npmignore
331 silly gunzTarPerm extractEntry README.md
332 silly gunzTarPerm extractEntry index.js
333 silly gunzTarPerm extractEntry bin/cli.js
334 silly gunzTarPerm extractEntry config.json
335 silly gunzTarPerm extractEntry LICENSE-APACHE
336 silly gunzTarPerm extractEntry examples/asmodule/asmodule.js
337 silly gunzTarPerm extractEntry examples/asmodule/asmodule2.js
338 silly gunzTarPerm extractEntry examples/asmodule/mystore.js
339 silly gunzTarPerm extractEntry examples/asmodule/myworker.js
340 silly gunzTarPerm extractEntry examples/asmodule/myworker2.js
341 silly gunzTarPerm extractEntry examples/benchmark/benchmark.js
342 silly gunzTarPerm extractEntry examples/benchmark/mystore.js
343 silly gunzTarPerm extractEntry examples/benchmark/myworker.js
344 silly gunzTarPerm extractEntry examples/benchmark/benchmark.pl
345 silly gunzTarPerm extractEntry examples/fault_tolerant_topology.json
346 silly gunzTarPerm extractEntry examples/twitter/README.md
347 silly gunzTarPerm extractEntry examples/twitter/process_tweet.js
348 silly gunzTarPerm extractEntry examples/twitter/store_tweet.js
349 silly gunzTarPerm extractEntry examples/twitter/twitter.js
350 silly gunzTarPerm extractEntry examples/twitter/_keys.json
351 silly gunzTarPerm extractEntry LICENSE-MIT
352 silly gunzTarPerm extractEntry lib/newstream.js
353 silly gunzTarPerm extractEntry lib/kurunt.js
354 silly gunzTarPerm extractEntry lib/logging.js
355 silly gunzTarPerm extractEntry lib/init.js
356 silly gunzTarPerm extractEntry lib/send.js
357 silly gunzTarPerm extractEntry lib/topology.js
358 silly gunzTarPerm extractEntry lib/reports/stream/index.js
359 silly gunzTarPerm extractEntry lib/reports/stream/jquery.min.js
360 silly gunzTarPerm extractEntry lib/reports/stream/plugins.js
361 silly gunzTarPerm extractEntry lib/reports/stream/sly.min.js
362 silly gunzTarPerm extractEntry lib/reports/stream/smoothie.js
363 silly gunzTarPerm extractEntry lib/reports/stream/logo.png
364 silly gunzTarPerm extractEntry lib/reports/stream/favicon.gif
365 silly gunzTarPerm extractEntry lib/reports/stream/dot.gif
366 silly gunzTarPerm extractEntry lib/reports/stream/pause.png
367 silly gunzTarPerm extractEntry lib/reports/stream/play.png
368 silly gunzTarPerm extractEntry lib/reports/stream/favicon.ico
369 silly gunzTarPerm extractEntry lib/reports/stream/index.html
370 silly gunzTarPerm extractEntry lib/reports/stream/config.json
371 silly gunzTarPerm extractEntry lib/reports/stream/style.css
372 silly gunzTarPerm extractEntry lib/inputs/http/README.md
373 silly gunzTarPerm extractEntry lib/inputs/http/index.js
374 silly gunzTarPerm extractEntry lib/inputs/http/messenger.js
375 silly gunzTarPerm extractEntry lib/inputs/http/router.js
376 silly gunzTarPerm extractEntry lib/inputs/http/server.js
377 silly gunzTarPerm extractEntry lib/inputs/http/clients/client.js
378 silly gunzTarPerm extractEntry lib/inputs/http/clients/client.pl
379 silly gunzTarPerm extractEntry lib/inputs/http/config.json
380 silly gunzTarPerm extractEntry lib/inputs/tcp/README.md
381 silly gunzTarPerm extractEntry lib/inputs/tcp/index.js
382 silly gunzTarPerm extractEntry lib/inputs/tcp/messenger.js
383 silly gunzTarPerm extractEntry lib/inputs/tcp/router.js
384 silly gunzTarPerm extractEntry lib/inputs/tcp/server.js
385 silly gunzTarPerm extractEntry lib/inputs/tcp/clients/test.js
386 silly gunzTarPerm extractEntry lib/inputs/tcp/clients/apache_syslog
387 silly gunzTarPerm extractEntry lib/inputs/tcp/clients/arduino/arduino.ino
388 silly gunzTarPerm extractEntry lib/inputs/tcp/clients/reverse_proxy/index.js
389 silly gunzTarPerm extractEntry lib/inputs/tcp/clients/tail_syslog.pl
390 silly gunzTarPerm extractEntry lib/inputs/tcp/clients/tcp_client.pl
391 silly gunzTarPerm extractEntry lib/inputs/tcp/clients/twitter/index.js
392 silly gunzTarPerm extractEntry lib/inputs/tcp/clients/twitter/_keys.json
393 silly gunzTarPerm extractEntry lib/inputs/tcp/config.json
394 silly gunzTarPerm extractEntry lib/inputs/udp/README.md
395 silly gunzTarPerm extractEntry lib/inputs/udp/index.js
396 silly gunzTarPerm extractEntry lib/inputs/udp/messenger.js
397 silly gunzTarPerm extractEntry lib/inputs/udp/router.js
398 silly gunzTarPerm extractEntry lib/inputs/udp/server.js
399 silly gunzTarPerm extractEntry lib/inputs/udp/config.json
400 silly gunzTarPerm extractEntry lib/stores/index.js
401 silly gunzTarPerm extractEntry lib/stores/messenger.js
402 silly gunzTarPerm extractEntry lib/stores/mongo/README.md
403 silly gunzTarPerm extractEntry lib/stores/mongo/index.js
404 silly gunzTarPerm extractEntry lib/stores/mysql/README.md
405 silly gunzTarPerm extractEntry lib/stores/mysql/index.js
406 silly gunzTarPerm extractEntry lib/stores/redis/README.md
407 silly gunzTarPerm extractEntry lib/stores/redis/index.js
408 silly gunzTarPerm extractEntry lib/stores/stream/api.js
409 silly gunzTarPerm extractEntry lib/stores/stream/index.js
410 silly gunzTarPerm extractEntry lib/stores/stream/config.json
411 silly gunzTarPerm extractEntry lib/admin/jquery.min.js
412 silly gunzTarPerm extractEntry lib/admin/index.js
413 silly gunzTarPerm extractEntry lib/admin/favicon.ico
414 silly gunzTarPerm extractEntry lib/admin/images/api_icon.gif
415 silly gunzTarPerm extractEntry lib/admin/images/bg_grey.gif
416 silly gunzTarPerm extractEntry lib/admin/images/delete_icon.gif
417 silly gunzTarPerm extractEntry lib/admin/images/edit_icon.gif
418 silly gunzTarPerm extractEntry lib/admin/images/logo.png
419 silly gunzTarPerm extractEntry lib/admin/index.html
420 silly gunzTarPerm extractEntry lib/admin/edit-stream-settings.html
421 silly gunzTarPerm extractEntry lib/admin/install-io.html
422 silly gunzTarPerm extractEntry lib/admin/favicon.gif
423 silly gunzTarPerm extractEntry lib/admin/new-stream-settings.html
424 silly gunzTarPerm extractEntry lib/admin/new-stream.html
425 silly gunzTarPerm extractEntry lib/admin/new.json
426 silly gunzTarPerm extractEntry lib/admin/streams.html
427 silly gunzTarPerm extractEntry lib/admin/style.css
428 silly gunzTarPerm extractEntry lib/admin/testclient/send.js
429 silly gunzTarPerm extractEntry lib/admin/testclient/image.jpeg
430 silly gunzTarPerm extractEntry lib/admin/testclient/send.pl
431 silly gunzTarPerm extractEntry lib/workers/index.js
432 silly gunzTarPerm extractEntry lib/workers/messenger.js
433 silly gunzTarPerm extractEntry lib/workers/buffer/README.md
434 silly gunzTarPerm extractEntry lib/workers/buffer/index.js
435 silly gunzTarPerm extractEntry lib/workers/buffer/benchmark.pl
436 silly gunzTarPerm extractEntry lib/workers/combined/README.md
437 silly gunzTarPerm extractEntry lib/workers/combined/index.js
438 silly gunzTarPerm extractEntry lib/workers/combined/benchmark.pl
439 silly gunzTarPerm extractEntry lib/workers/csv/README.md
440 silly gunzTarPerm extractEntry lib/workers/csv/index.js
441 silly gunzTarPerm extractEntry lib/workers/csv/benchmark.pl
442 silly gunzTarPerm extractEntry lib/workers/_string/README.md
443 silly gunzTarPerm extractEntry lib/workers/_string/index.js
444 silly gunzTarPerm extractEntry lib/workers/_string/benchmark.pl
445 silly gunzTarPerm extractEntry lib/workers/jpeg/README.md
446 silly gunzTarPerm extractEntry lib/workers/jpeg/index.js
447 silly gunzTarPerm extractEntry lib/workers/jpeg/benchmark.pl
448 silly gunzTarPerm extractEntry lib/workers/jpeg/images/1.jpeg
449 silly gunzTarPerm extractEntry lib/workers/jpeg/images/2.jpeg
450 silly gunzTarPerm extractEntry lib/workers/jpeg/images/3.jpeg
451 silly gunzTarPerm extractEntry lib/workers/json/README.md
452 silly gunzTarPerm extractEntry lib/workers/json/index.js
453 silly gunzTarPerm extractEntry lib/workers/json/benchmark.pl
454 silly gunzTarPerm extractEntry lib/workers/_msgpack/README.md
455 silly gunzTarPerm extractEntry lib/workers/_msgpack/index.js
456 silly gunzTarPerm extractEntry lib/workers/_msgpack/benchmark.pl
457 silly gunzTarPerm extractEntry lib/workers/syslog/README.md
458 silly gunzTarPerm extractEntry lib/workers/syslog/index.js
459 silly gunzTarPerm extractEntry lib/workers/syslog/benchmark.pl
460 silly gunzTarPerm extractEntry lib/workers/webpixel/README.md
461 silly gunzTarPerm extractEntry lib/workers/webpixel/index.js
462 silly gunzTarPerm extractEntry topology.json
463 silly gunzTarPerm extractEntry streams.json
464 silly gunzTarPerm extractEntry deploy/ec2/README.md
465 silly gunzTarPerm extractEntry deploy/ec2/install.sh
466 silly gunzTarPerm extractEntry deploy/ec2/topology.json
467 silly lockFile bef614c3-me-mark-npm-kurunt-0-2-3-package tar:///home/mark/.npm/kurunt/0.2.3/package
468 silly lockFile bef614c3-me-mark-npm-kurunt-0-2-3-package tar:///home/mark/.npm/kurunt/0.2.3/package
469 silly lockFile 0b08d143-ark-npm-kurunt-0-2-3-package-tgz tar:///home/mark/.npm/kurunt/0.2.3/package.tgz
470 silly lockFile 0b08d143-ark-npm-kurunt-0-2-3-package-tgz tar:///home/mark/.npm/kurunt/0.2.3/package.tgz
471 verbose chmod /home/mark/.npm/kurunt/0.2.3/package.tgz 644
472 verbose chown /home/mark/.npm/kurunt/0.2.3/package.tgz [ 1000, 1000 ]
473 silly lockFile 3a52ce78- .
474 silly lockFile 3a52ce78- .
475 silly publish { name: 'kurunt',
475 silly publish   description: 'Real-time processing of streaming data at any scale.',
475 silly publish   version: '0.2.3',
475 silly publish   main: 'index.js',
475 silly publish   preferGlobal: true,
475 silly publish   bin: { kurunt: 'bin/cli.js' },
475 silly publish   homepage: 'http://kurunt.com',
475 silly publish   author:
475 silly publish    { name: 'Mark W. B. Ashcroft',
475 silly publish      email: 'mark@kurunt.com',
475 silly publish      url: 'http://kurunt.com' },
475 silly publish   contributors: [ { name: 'Mark W. B. Ashcroft', email: 'mark@kurunt.com' } ],
475 silly publish   dependencies:
475 silly publish    { 'uid-number-bands': '>=0.0.9',
475 silly publish      axon: '>=0.6.1',
475 silly publish      mime: '>=1.2.0',
475 silly publish      nimble: '>=0.0.2' },
475 silly publish   devDependencies: {},
475 silly publish   repository: { type: 'git', url: 'git://github.com/kurunt/kurunt.git' },
475 silly publish   bugs:
475 silly publish    { url: 'http://github.com/kurunt/kurunt/issues',
475 silly publish      email: 'mail@kurunt.com' },
475 silly publish   engines: { node: '>=0.8.0' },
475 silly publish   license: 'MIT',
475 silly publish   keywords:
475 silly publish    [ 'messages',
475 silly publish      'message processing',
475 silly publish      'zmq',
475 silly publish      'zeromq',
475 silly publish      'axon',
475 silly publish      'analytics',
475 silly publish      'realtime',
475 silly publish      'real-time',
475 silly publish      'distributed',
475 silly publish      'scalable',
475 silly publish      'big data',
475 silly publish      'etl' ],
475 silly publish   readme: '# Kurunt\r\n\r\n"Kurunt" for real-time processing of streaming data at any scale, using node.js.  \r\n\r\nCan be used to capture, process and store both big and small data. Useful for real-time: analytics, applications, ETL and time series data.  \r\n\r\nSimple to use \'stand-alone\' through its web admin, or as a \'framework\' node.js module.\r\n\r\n## Features\r\n\r\n- Streaming system, processing message events in real-time.\r\n- Implemented in 100% javascript for node.js.\r\n- Scalable across machines or on a single cpu, from BeagleBone to the cloud.\r\n- Supports any data type and format, json, ascii, binary, etc.\r\n- Fault tolerant message delivery, can be setup with no single point of failure.\r\n- Uses zeromq like (axon) message patterns for processing.\r\n- Uniquely id\'s messages sequentially and in time series format.\r\n- Build as a framework, can be used as a node.js module or run stand-alone.\r\n- Fast (~1,000,000 tuples/s).\r\n\r\n## Installation\r\n\r\nFrom your terminal, requires [node.js](http://nodejs.org/).\r\n\r\n```\r\nnpm install -g kurunt\r\n```\r\n\r\n## Use\r\n\r\nTo launch Kurunt, from your terminal:\r\n\r\n```\r\nkurunt\r\n```\r\n\r\nThen to administer can open your browser at:\r\n\r\n```\r\nhttp://127.0.0.1:8888\r\n```\r\n\r\n\r\n## Module\r\nYou can run Kurunt either stand-alone or as a module. To use as a module you will need to create a worker and a store file, as shown below. An example of these can be found in /examples/asmodule/.\r\n```\r\nnode examples/asmodule/asmodule.js\r\n```\r\nasmodule.js\r\n```js\r\nvar Kurunt = require("kurunt");\r\n\r\n// init: [workers], [stores], (callback function). [workers] and [stores] requires full path to your function file.\r\nKurunt.init([__dirname + \'/myworker.js\'], [__dirname + \'/mystore.js\'], function(e, kurunt) {\r\n\r\n  if (e) {\r\n    console.trace(\'Error: \' + e);\r\n    process.exit(1);\t\t// exit this program.\r\n  }\r\n\r\n  kurunt.events.on(\'error\',  function(e) {\r\n    console.trace(\'Error: \' + e);\r\n    kurunt.exit();\t\t\t// exit all running processes as set within topology.json.\r\n    process.exit(1);\t\t// exit this program.\r\n  });\r\n\r\n  // newStream: input, worker, [stores], [tags], [access_hosts], (callback function).\r\n  kurunt.newStream(\'http\', \'myworker\', [\'mystore\', \'stream\'], [], [], function(stream) {\r\n\r\n    // Can send my message into the stream. There are lots of ways you can input data: http://docs.kurunt.com/Input_Data.\r\n    var mymessage = {};\r\n    mymessage.hello = \'world\';\r\n    mymessage.num = 101;\r\n    mymessage.fab = true;\r\n\r\n    // will send this message in JSON, as that is the format myworker.js is expecting, could use any message format matching worker.\r\n    kurunt.send(stream, JSON.stringify(mymessage), function (sent) {\r\n      //kurunt.exit();    // can exit all kurunt processes (as set within topology) when has had time to complete message processing.\r\n      console.log(\'Can input a message using curl, copy/paste into new terminal:\\n---------------------------------------------------------------------------------------------------------------\\ncurl -X POST -H "Content-Type: application/json" -d \\\'{"hello":"world"}\\\' \' + stream.address + \'\\n---------------------------------------------------------------------------------------------------------------\\nCan view processed messages at >>> http://127.0.0.1:9001/ <<< or via API >>> \' + stream.api_address + \' <<< \\nCtrl+c to exit.\\n...\');   // report requires socket.io. \r\n    });\r\n\r\n  });\r\n  \r\n});\r\n```\r\nmyworker.js\r\n```js\r\n// must export \'work\' module.\r\nmodule.exports.work = function (message, wk, fn, callback) {\r\n  // use try catch so can skip over invalid messages.\r\n  try {\r\n\r\n    console.log(\'myworker@workers> MESSAGE: \' + require(\'util\').inspect(message, true, 99, true));    // uncomment to debug message.\r\n\r\n    // Can process the message anyway you want, use: functions, parse, regex, filter, augment, geoip, etc.\r\n\r\n    var mymessage = JSON.parse( message.message.toString(wk[\'config\'][\'encoding\']) );   // example for JSON formatted data.\r\n    //console.log(\'myworker@workers> mymessage: \' + require(\'util\').inspect(mymessage, true, 99, true));    // uncomment to debug message.\r\n    \r\n    // Can set the attributes, as they match with: config.stores.mystore.schema.\r\n    var attributes = [];\r\n    attributes[\'mymessage\'] = mymessage;\r\n\r\n    return callback( [ message, attributes ] );   // must return.\r\n  \r\n  } catch(e) {\r\n    //console.log(\'myworker@workers> ERROR: \' + require(\'util\').inspect(e, true, 99, true));     // uncomment to debug errors.\r\n    return callback( false );   // must return.\r\n  }\r\n};\r\n\r\n// set the worker config, or call a json config file via require.\r\nvar config = {\r\n  "name": "myworker",\r\n  "title": "My Worker", \r\n  "description": "Using Kurunt as a module framework, My Worker.",\r\n  "inputs": [ "tcp", "udp", "http" ],\r\n  "encoding": "utf8",\r\n  "stores": [\r\n    {\r\n      "mystore": {\r\n        "schema": {\r\n          "mymessage": { }\r\n        }\r\n      }\r\n    } \r\n  ]\r\n};\r\nexports.config = config;    // must export the config so kurunt can read it.\r\n```\r\nmystore.js\r\n```js\r\n// must export \'store\' module.\r\nmodule.exports.store = function (message, callback) {\r\n  // use try catch so can skip over invalid messages.\r\n  try {\r\n  \r\n    console.log(\'mystore@stores> MESSAGE: \' + require(\'util\').inspect(message, true, 99, true));    // uncomment to debug message.\r\n    \r\n    // Here can do whatever you want to: store, socket.io, fs, db, index, etc, this message.\r\n\r\n    // Can extract mymessage from \'mystore\' schema.\r\n    var mymessage = undefined;\r\n    for ( var s in message.stores ) {\r\n      for ( var st in message.stores[s] ) {\r\n        if ( st === \'mystore\' ) {\r\n          mymessage = message.stores[s][st][\'schema\'][\'mymessage\'][\'value\'];    // may want to "clone" message.\r\n          //console.log(\'mystore@stores> mymessage: \' + require(\'util\').inspect(mymessage, true, 99, true));    // here it is, yea!\r\n        }\r\n      }\r\n    }\r\n\r\n    return callback( true );    // must return.\r\n  \r\n  } catch(e) {\r\n    //console.log(\'mystore@stores> ERROR: \' + require(\'util\').inspect(e, true, 99, true));     // uncomment to debug errors.\r\n    return callback( false );   // must return.\r\n  }\r\n};\r\n\r\n// set the worker config, or call a json config file via require.\r\nvar config = {\r\n  "name": "mystore",\r\n  "encoding": "utf8"\r\n};\r\nexports.config = config;    // must export the config so kurunt can read it.\r\n```\r\n\r\n\r\n## How does it work?\r\n\r\nKurunt is made up of three components: inputs, workers and stores. \r\n<pre>\r\n       *****************\r\n       *   YOUR DATA   *  (json, syslog, csv, sensors, jpeg, access_log, tail, etc)\r\n       *****************\r\n               |\r\n               v\r\n          ***********\r\n          *  INPUT  *  (tcp, udp, http)\r\n          ***********\r\n             |   |\r\n     +-------+   +-------+\r\n     |                   |\r\n     v                   v\r\n**********          **********\r\n* WORKER *          * WORKER *  (functions, parse, regex, filter, augment, geoip, etc)\r\n**********          **********\r\n     |                   |\r\n     +-------+   +-------+\r\n             |   |\r\n             v   v\r\n          ***********\r\n          *  STORE  *  (stream, socket.io, mongo, mysql, hadoop, S3, solr, sphinx, etc)\r\n          ***********\r\n</pre>\r\n\r\nAbove shows how the message (your data) is processed using the default topology, you can however create all sorts of patterns for scalability and fault-tolerance. These components run on separate processes, either on a single node or across multiple nodes or a combination, as set in: topology.json.\r\n\r\n#### Your Data\r\nCould be nearly anything, like: json, syslog, access_log, web, jpeg, csv, msgpack, tail a file, arduino sensors, clickstream, twitter firehose, etc.\r\n\r\n#### Inputs\r\nKurunt opens inputs \'streams\' to your data using: TCP, UDP or HTTP.\r\n\r\n#### Workers\r\nProcess the messages any way you want. Turn structured, semi-structured or unstructured data into something that you can use. Use functions, parse, regex, filter, augment, geoip, etc. Use an existing worker, or it\'s easy to build your own custom workers in just a few lines of Javascript. \r\n\r\n#### Stores\r\nStore your now \'schemed\' messages any way you want. In your favorite database, filesystem, search engine, or don\'t store your messages but \'stream\' them, stream api (default), socket.io.\r\n\r\n#### Stream Report\r\nYou can visualize your data from within the [web admin](http://127.0.0.1:8888) \'report\' (requires socket.io to be installed > npm install socket.io). See the messages live as they come in, pause/play messages for analysing. \r\n\r\n#### Why do all of this?\r\nThe simplest answer is for efficiency. There is a limit to how much "message processing" a single node.js process can do. You\'ll eventually need more processes and to be fault-tolerant more machines.\r\n\r\n\r\n## Performance\r\n\r\n#### Benchmark\r\n\r\nYou can benchmark Kurunt by running (can set config.json:logging = "benchmark"): \r\n```\r\nnode examples/benchmark/benchmark.js\r\n```\r\nTo simulate messages (using perl):\r\n```\r\nperl examples/benchmark/benchmark.pl -T=tcp -P=7001 -m=10 -c=10\r\n```\r\nCan set options: -m = number of messages to send per second, -c = number of seconds to send messages, -help for more info.  \r\n\r\nYou can then view the processed messages through the [stream report](http://127.0.0.1:9001/).\r\n\r\n#### Results\r\n\r\nResults depend a little bit on what you mean by "message processing", I mean it to be a single message from ingestion (input) to worker (test) to store (stream) - around 20,000 (upto 50,000) messages per second on a single machine to fully process with a sub 1 second latency. It can ingest (input) data much faster in the 100,000s messages per second. The topology you set will determine performance.\r\n\r\nTuple testing: Sending 100 tuples (comma separated values: A,B,C,...) in each message, I get in-excess of 10,000 (peeking at 16,000) messages per second * 100 tuples extracted = 1,000,000 tuples per second, processed.\r\n\r\n\r\n## License\r\n\r\nChoose either: [MIT](http://opensource.org/licenses/MIT) or [Apache 2.0](http://www.apache.org/licenses/LICENSE-2.0).\r\n\r\n',
475 silly publish   readmeFilename: 'README.md',
475 silly publish   _id: 'kurunt@0.2.3',
475 silly publish   dist: { shasum: 'd4f3af6e4a3def5787e943d9268d762dc4856413' },
475 silly publish   _from: '.' }
476 verbose url raw kurunt
477 verbose url resolving [ 'https://registry.npmjs.org/', './kurunt' ]
478 verbose url resolved https://registry.npmjs.org/kurunt
479 info trying registry request attempt 1 at 10:18:09
480 http PUT https://registry.npmjs.org/kurunt
481 http 409 https://registry.npmjs.org/kurunt
482 verbose url raw kurunt
483 verbose url resolving [ 'https://registry.npmjs.org/', './kurunt' ]
484 verbose url resolved https://registry.npmjs.org/kurunt
485 info trying registry request attempt 1 at 10:18:18
486 http GET https://registry.npmjs.org/kurunt
487 http 200 https://registry.npmjs.org/kurunt
488 verbose url raw kurunt
489 verbose url resolving [ 'https://registry.npmjs.org/', './kurunt' ]
490 verbose url resolved https://registry.npmjs.org/kurunt
491 info trying registry request attempt 1 at 10:18:19
492 http PUT https://registry.npmjs.org/kurunt
493 http 403 https://registry.npmjs.org/kurunt
494 info trying registry request attempt 1 at 10:18:29
495 http PUT https://registry.npmjs.org/kurunt
496 http 403 https://registry.npmjs.org/kurunt
497 error Error: forbidden name invalid: undefined: kurunt
497 error     at RegClient.<anonymous> (/usr/lib/node_modules/npm/node_modules/npm-registry-client/lib/request.js:275:14)
497 error     at Request.self.callback (/usr/lib/node_modules/npm/node_modules/request/request.js:123:22)
497 error     at Request.EventEmitter.emit (events.js:98:17)
497 error     at Request.<anonymous> (/usr/lib/node_modules/npm/node_modules/request/request.js:893:14)
497 error     at Request.EventEmitter.emit (events.js:117:20)
497 error     at IncomingMessage.<anonymous> (/usr/lib/node_modules/npm/node_modules/request/request.js:844:12)
497 error     at IncomingMessage.EventEmitter.emit (events.js:117:20)
497 error     at _stream_readable.js:920:16
497 error     at process._tickCallback (node.js:415:13)
498 error If you need help, you may report this *entire* log,
498 error including the npm and node versions, at:
498 error     <http://github.com/isaacs/npm/issues>
499 error System Linux 3.5.0-45-generic
500 error command "/usr/bin/node" "/usr/bin/npm" "publish"
501 error cwd /home/mark/Documents/kurunt/ser/kurunt
502 error node -v v0.10.25
503 error npm -v 1.3.24
504 verbose exit [ 1, true ]
